c:\users\пользователь\source\repos\calc\my calc\calc\debug\vc141.pdb
c:\users\пользователь\source\repos\calc\my calc\calc\debug\vc141.idb
c:\users\пользователь\source\repos\calc\my calc\calc\debug\string.obj
c:\users\пользователь\source\repos\calc\my calc\calc\debug\stack.obj
c:\users\пользователь\source\repos\calc\my calc\calc\debug\polish.obj
c:\users\пользователь\source\repos\calc\my calc\calc\debug\parse.obj
c:\users\пользователь\source\repos\calc\my calc\calc\debug\main.obj
c:\users\пользователь\source\repos\calc\my calc\calc\debug\token.obj
c:\users\пользователь\source\repos\calc\my calc\calc\debug\my_math.obj
c:\users\пользователь\source\repos\calc\my calc\calc\debug\matherr.obj
c:\users\пользователь\source\repos\calc\my calc\calc\debug\char.obj
c:\users\пользователь\source\repos\calc\my calc\debug\calc.exe
c:\users\пользователь\source\repos\calc\my calc\debug\calc.ilk
c:\users\пользователь\source\repos\calc\my calc\debug\calc.pdb
c:\users\пользователь\source\repos\calc\my calc\calc\debug\calc.tlog\cl.command.1.tlog
c:\users\пользователь\source\repos\calc\my calc\calc\debug\calc.tlog\cl.read.1.tlog
c:\users\пользователь\source\repos\calc\my calc\calc\debug\calc.tlog\cl.write.1.tlog
c:\users\пользователь\source\repos\calc\my calc\calc\debug\calc.tlog\link.command.1.tlog
c:\users\пользователь\source\repos\calc\my calc\calc\debug\calc.tlog\link.read.1.tlog
c:\users\пользователь\source\repos\calc\my calc\calc\debug\calc.tlog\link.write.1.tlog
